{
  "stats": {
    "suites": 1,
    "tests": 1,
    "passes": 1,
    "pending": 0,
    "failures": 0,
    "start": "2024-01-29T02:30:21.920Z",
    "end": "2024-01-29T02:30:34.200Z",
    "duration": 12280,
    "testsRegistered": 1,
    "passPercent": 100,
    "pendingPercent": 0,
    "other": 0,
    "hasOther": false,
    "skipped": 0,
    "hasSkipped": false
  },
  "results": [
    {
      "uuid": "0a620ae2-af1d-4de7-9424-29fa5357b118",
      "title": "",
      "fullFile": "cypress\\e2e\\3-custom-tests\\iterate-Over-elements.js",
      "file": "cypress\\e2e\\3-custom-tests\\iterate-Over-elements.js",
      "beforeHooks": [],
      "afterHooks": [],
      "tests": [],
      "suites": [
        {
          "uuid": "616accf6-bf74-43e1-899c-8847052c4203",
          "title": "Automation Test Store - iterate elements",
          "fullFile": "",
          "file": "",
          "beforeHooks": [],
          "afterHooks": [],
          "tests": [
            {
              "title": "should submit a successful submission via contact us form",
              "fullTitle": "Automation Test Store - iterate elements should submit a successful submission via contact us form",
              "timedOut": null,
              "duration": 8526,
              "state": "passed",
              "speed": "medium",
              "pass": true,
              "fail": false,
              "pending": false,
              "context": null,
              "code": "cy.get(searchBar).should('be.visible').type(\"Stroller{enter}\");\ncy.xpath(\"//span[@class='a-size-medium a-color-base a-text-normal']\").each(($item, index, $list) => {\n  cy.log(\"Index : \" + index + \" - Item name : \" + $item.text());\n  if ($item.text().includes('Baby Doll Stroller')) {\n    cy.wrap($item).should('be.visible').click({\n      force: true\n    });\n  }\n});\n// cy.get('.prdocutname').each(($item, index, $list) => {\n//       cy.log(\"Index: \" + index + \" : \" + $item.text())\n//       if($item.text().includes('BeneFit Girl Meets Pearl')) {\n//           cy.wrap($item).click()\n//       }\n// })\n// cy.xpath('//span[text()=\"BeneFit Girl Meets Pearl\"]').should('be.visible')",
              "err": {},
              "uuid": "14af6aef-87e2-41d9-823e-d49e1dde112a",
              "parentUUID": "616accf6-bf74-43e1-899c-8847052c4203",
              "isHook": false,
              "skipped": false
            }
          ],
          "suites": [],
          "passes": [
            "14af6aef-87e2-41d9-823e-d49e1dde112a"
          ],
          "failures": [],
          "pending": [],
          "skipped": [],
          "duration": 8526,
          "root": false,
          "rootEmpty": false,
          "_timeout": 2000
        }
      ],
      "passes": [],
      "failures": [],
      "pending": [],
      "skipped": [],
      "duration": 0,
      "root": true,
      "rootEmpty": true,
      "_timeout": 2000
    }
  ],
  "meta": {
    "mocha": {
      "version": "7.0.1"
    },
    "mochawesome": {
      "options": {
        "quiet": false,
        "reportFilename": "mochawesome",
        "saveHtml": false,
        "saveJson": true,
        "consoleReporter": "spec",
        "useInlineDiffs": false,
        "code": true
      },
      "version": "7.1.3"
    },
    "marge": {
      "options": {
        "id": "default",
        "reportDir": "cypress/results/mochawesome",
        "quite": true,
        "overwrite": false,
        "html": false,
        "json": true
      },
      "version": "6.2.0"
    }
  }
}