{
  "stats": {
    "suites": 1,
    "tests": 1,
    "passes": 1,
    "pending": 0,
    "failures": 0,
    "start": "2024-01-30T03:30:01.575Z",
    "end": "2024-01-30T03:30:10.066Z",
    "duration": 8491,
    "testsRegistered": 1,
    "passPercent": 100,
    "pendingPercent": 0,
    "other": 0,
    "hasOther": false,
    "skipped": 0,
    "hasSkipped": false
  },
  "results": [
    {
      "uuid": "9e716448-0b7c-464e-b5bb-452e424ecd54",
      "title": "",
      "fullFile": "cypress\\e2e\\5-login-tests\\Login.cy.js",
      "file": "cypress\\e2e\\5-login-tests\\Login.cy.js",
      "beforeHooks": [],
      "afterHooks": [],
      "tests": [],
      "suites": [
        {
          "uuid": "d9ae1c01-f71f-4e17-88de-64bd25db7ab5",
          "title": "Login",
          "fullFile": "",
          "file": "",
          "beforeHooks": [],
          "afterHooks": [],
          "tests": [
            {
              "title": "should log in to the test website and log out",
              "fullTitle": "Login should log in to the test website and log out",
              "timedOut": null,
              "duration": 5032,
              "state": "passed",
              "speed": "medium",
              "pass": true,
              "fail": false,
              "pending": false,
              "context": null,
              "code": "//Type in username \n(0, _Utils.getAndVisible)(txtUsername).type(\"student\");\n//Type in password\n(0, _Utils.getAndVisible)(txtPassword).type(\"Password123\");\n//Click submit\n(0, _Utils.getAndVisible)(btnSubmit).click();\n//verify banner is visible and text matches logged in state\n(0, _Utils.getAndVisible)(lblLoggedInBanner).should('contain.text', 'Logged In Successfully');\n//log out \n(0, _Utils.getAndVisible)(btnLogout).click();\ncy.get(txtUsername).then(txtPassword => {\n  if (txtPassword) {\n    (0, _Utils.getAndVisible)(txtUsername).type('problem');\n  } else {\n    (0, _Utils.getAndVisible)(txtUsername).type('not a problem');\n  }\n});",
              "err": {},
              "uuid": "cd983ab9-941b-4038-a4f0-af12d12b2980",
              "parentUUID": "d9ae1c01-f71f-4e17-88de-64bd25db7ab5",
              "isHook": false,
              "skipped": false
            }
          ],
          "suites": [],
          "passes": [
            "cd983ab9-941b-4038-a4f0-af12d12b2980"
          ],
          "failures": [],
          "pending": [],
          "skipped": [],
          "duration": 5032,
          "root": false,
          "rootEmpty": false,
          "_timeout": 2000
        }
      ],
      "passes": [],
      "failures": [],
      "pending": [],
      "skipped": [],
      "duration": 0,
      "root": true,
      "rootEmpty": true,
      "_timeout": 2000
    }
  ],
  "meta": {
    "mocha": {
      "version": "7.0.1"
    },
    "mochawesome": {
      "options": {
        "quiet": false,
        "reportFilename": "mochawesome",
        "saveHtml": false,
        "saveJson": true,
        "consoleReporter": "spec",
        "useInlineDiffs": false,
        "code": true
      },
      "version": "7.1.3"
    },
    "marge": {
      "options": {
        "id": "default",
        "reportDir": "cypress/results/mochawesome",
        "quite": true,
        "overwrite": false,
        "html": false,
        "json": true
      },
      "version": "6.2.0"
    }
  }
}