{
  "stats": {
    "suites": 1,
    "tests": 1,
    "passes": 1,
    "pending": 0,
    "failures": 0,
    "start": "2024-01-29T02:29:42.265Z",
    "end": "2024-01-29T02:30:00.974Z",
    "duration": 18709,
    "testsRegistered": 1,
    "passPercent": 100,
    "pendingPercent": 0,
    "other": 0,
    "hasOther": false,
    "skipped": 0,
    "hasSkipped": false
  },
  "results": [
    {
      "uuid": "a62e3ea1-5a51-48d1-b65f-1e0c2fd7058c",
      "title": "",
      "fullFile": "cypress\\e2e\\3-custom-tests\\automationteststore.js",
      "file": "cypress\\e2e\\3-custom-tests\\automationteststore.js",
      "beforeHooks": [],
      "afterHooks": [],
      "tests": [],
      "suites": [
        {
          "uuid": "fb8b78d9-264f-4370-9e20-d655c81727ed",
          "title": "Automation Test Store",
          "fullFile": "",
          "file": "",
          "beforeHooks": [],
          "afterHooks": [],
          "tests": [
            {
              "title": "should click on the first item using item text",
              "fullTitle": "Automation Test Store should click on the first item using item text",
              "timedOut": null,
              "duration": 14646,
              "state": "passed",
              "speed": "slow",
              "pass": true,
              "fail": false,
              "pending": false,
              "context": null,
              "code": "cy.scrollTo(0, 500);\ncy.get('.prdocutname').contains('Skinsheen Bronzer Stick').click().then(itemHeaderText => {\n  console.log('Selected the following item: ' + itemHeaderText.text());\n});",
              "err": {},
              "uuid": "b938c4c2-c1af-41ae-b447-0382d01c3f5a",
              "parentUUID": "fb8b78d9-264f-4370-9e20-d655c81727ed",
              "isHook": false,
              "skipped": false
            }
          ],
          "suites": [],
          "passes": [
            "b938c4c2-c1af-41ae-b447-0382d01c3f5a"
          ],
          "failures": [],
          "pending": [],
          "skipped": [],
          "duration": 14646,
          "root": false,
          "rootEmpty": false,
          "_timeout": 2000
        }
      ],
      "passes": [],
      "failures": [],
      "pending": [],
      "skipped": [],
      "duration": 0,
      "root": true,
      "rootEmpty": true,
      "_timeout": 2000
    }
  ],
  "meta": {
    "mocha": {
      "version": "7.0.1"
    },
    "mochawesome": {
      "options": {
        "quiet": false,
        "reportFilename": "mochawesome",
        "saveHtml": false,
        "saveJson": true,
        "consoleReporter": "spec",
        "useInlineDiffs": false,
        "code": true
      },
      "version": "7.1.3"
    },
    "marge": {
      "options": {
        "id": "default",
        "reportDir": "cypress/results/mochawesome",
        "quite": true,
        "overwrite": false,
        "html": false,
        "json": true
      },
      "version": "6.2.0"
    }
  }
}