{
  "stats": {
    "suites": 2,
    "tests": 1,
    "passes": 1,
    "pending": 0,
    "failures": 0,
    "start": "2024-01-29T02:30:06.861Z",
    "end": "2024-01-29T02:30:16.629Z",
    "duration": 9768,
    "testsRegistered": 1,
    "passPercent": 100,
    "pendingPercent": 0,
    "other": 0,
    "hasOther": false,
    "skipped": 0,
    "hasSkipped": false
  },
  "results": [
    {
      "uuid": "99e76c36-ff85-47ce-9b2e-1ca86f7beacb",
      "title": "",
      "fullFile": "cypress\\e2e\\3-custom-tests\\contact-us.js",
      "file": "cypress\\e2e\\3-custom-tests\\contact-us.js",
      "beforeHooks": [],
      "afterHooks": [],
      "tests": [],
      "suites": [
        {
          "uuid": "d29f86c3-e524-4c29-ab30-4f76a4738152",
          "title": "Contact Us Page",
          "fullFile": "",
          "file": "",
          "beforeHooks": [],
          "afterHooks": [],
          "tests": [],
          "suites": [
            {
              "uuid": "e5a8ba87-f248-4a35-bf01-0165ccac32ef",
              "title": "Test contact form via Webdriver University",
              "fullFile": "",
              "file": "",
              "beforeHooks": [],
              "afterHooks": [],
              "tests": [
                {
                  "title": "fill out and submit the contact form",
                  "fullTitle": "Contact Us Page Test contact form via Webdriver University fill out and submit the contact form",
                  "timedOut": null,
                  "duration": 6063,
                  "state": "passed",
                  "speed": "medium",
                  "pass": true,
                  "fail": false,
                  "pending": false,
                  "context": null,
                  "code": "cy.document().should(\"have.a.property\", \"charset\").and(\"eq\", \"UTF-8\");\ncy.title().should(\"include\", \"WebDriver\");\n_contactUsPage.default.typeFirstName(Cypress.env('first_name'));\n_contactUsPage.default.typeLastName(sampleData.last_name);\n_contactUsPage.default.typeEmail(sampleData.email);\ncy.log(userData[0].id);\n_contactUsPage.default.typeComments(userData[0].id);\n_contactUsPage.default.clickSubmitButton();\n(0, _Utils.getAndVisible)(lblThankYou).should(\"have.text\", \"Thank You for your Message!\");\ncy.url().should(\"eq\", \"https://webdriveruniversity.com/Contact-Us/contact-form-thank-you.html\");\nconsole.log(\"Test has completed\");\ncy.log(\"Test has completed - cy log\");",
                  "err": {},
                  "uuid": "5fdc44be-09ab-4efc-9ad8-bfb912aa4266",
                  "parentUUID": "e5a8ba87-f248-4a35-bf01-0165ccac32ef",
                  "isHook": false,
                  "skipped": false
                }
              ],
              "suites": [],
              "passes": [
                "5fdc44be-09ab-4efc-9ad8-bfb912aa4266"
              ],
              "failures": [],
              "pending": [],
              "skipped": [],
              "duration": 6063,
              "root": false,
              "rootEmpty": false,
              "_timeout": 2000
            }
          ],
          "passes": [],
          "failures": [],
          "pending": [],
          "skipped": [],
          "duration": 0,
          "root": false,
          "rootEmpty": false,
          "_timeout": 2000
        }
      ],
      "passes": [],
      "failures": [],
      "pending": [],
      "skipped": [],
      "duration": 0,
      "root": true,
      "rootEmpty": true,
      "_timeout": 2000
    }
  ],
  "meta": {
    "mocha": {
      "version": "7.0.1"
    },
    "mochawesome": {
      "options": {
        "quiet": false,
        "reportFilename": "mochawesome",
        "saveHtml": false,
        "saveJson": true,
        "consoleReporter": "spec",
        "useInlineDiffs": false,
        "code": true
      },
      "version": "7.1.3"
    },
    "marge": {
      "options": {
        "id": "default",
        "reportDir": "cypress/results/mochawesome",
        "quite": true,
        "overwrite": false,
        "html": false,
        "json": true
      },
      "version": "6.2.0"
    }
  }
}